{"numFailedTestSuites":1,"numFailedTests":1,"numPassedTestSuites":2,"numPassedTests":4,"numPendingTestSuites":0,"numPendingTests":1,"numRuntimeErrorTestSuites":0,"numTodoTests":0,"numTotalTestSuites":3,"numTotalTests":6,"openHandles":[],"snapshot":{"added":0,"didUpdate":false,"failure":false,"filesAdded":0,"filesRemoved":0,"filesRemovedList":[],"filesUnmatched":0,"filesUpdated":0,"matched":0,"total":0,"unchecked":0,"uncheckedKeysByFile":[],"unmatched":0,"updated":0},"startTime":1790366441895,"success":false,"testResults":[{"assertionResults":[{"ancestorTitles":["reset"],"duration":47,"failing":false,"failureDetails":[],"failureMessages":[],"fullName":"reset AC-1: resets the password","invocations":1,"location":null,"numPassingAsserts":1,"retryMessages":[],"retryReasons":[],"status":"passed","title":"AC-1: resets the password","startAt":1790366441995},{"ancestorTitles":["reset"],"duration":1,"failing":false,"failureDetails":[],"failureMessages":[],"fullName":"reset AC-2: already true","invocations":1,"location":null,"numPassingAsserts":1,"retryMessages":[],"retryReasons":[],"status":"passed","title":"AC-2: already true","startAt":1790366442042},{"ancestorTitles":["reset"],"duration":null,"failing":false,"failureDetails":[],"failureMessages":[],"fullName":"reset AC-3: later","invocations":1,"location":null,"numPassingAsserts":0,"retryMessages":[],"retryReasons":[],"status":"pending","title":"AC-3: later","startAt":1790366442043},{"ancestorTitles":["reset"],"duration":0,"failing":false,"failureDetails":[{"code":"ERR_VM_DYNAMIC_IMPORT_CALLBACK_MISSING_FLAG"}],"failureMessages":["TypeError: A dynamic import callback was invoked without --experimental-vm-modules\n    at importModuleDynamicallyCallback (node:internal/modules/esm/utils:277:11)\n    at Object.<anonymous> (/work/proj/tests/ac/demo.unit.test.js:11:31)\n    at Promise.finally.completed (/work/scratch/cap/node_modules/jest-circus/build/jestAdapterInit.js:1834:28)\n    at new Promise (<anonymous>)\n    at callAsyncCircusFn (/work/scratch/cap/node_modules/jest-circus/build/jestAdapterInit.js:1774:10)\n    at _callCircusTest (/work/scratch/cap/node_modules/jest-circus/build/jestAdapterInit.js:1167:40)\n    at processTicksAndRejections (node:internal/process/task_queues:103:5)\n    at _runTestInContext (/work/scratch/cap/node_modules/jest-circus/build/jestAdapterInit.js:1103:3)\n    at runTestWithContext (/work/scratch/cap/node_modules/jest-circus/build/jestAdapterInit.js:996:5)\n    at _runTestsForDescribeBlockOnce (/work/scratch/cap/node_modules/jest-circus/build/jestAdapterInit.js:1008:11)\n    at _runTestsForDescribeBlock (/work/scratch/cap/node_modules/jest-circus/build/jestAdapterInit.js:824:5)\n    at _runTestsForDescribeBlockOnce (/work/scratch/cap/node_modules/jest-circus/build/jestAdapterInit.js:1003:11)\n    at _runTestsForDescribeBlock (/work/scratch/cap/node_modules/jest-circus/build/jestAdapterInit.js:824:5)\n    at run (/work/scratch/cap/node_modules/jest-circus/build/jestAdapterInit.js:789:3)\n    at runAndTransformResultsToJestFormat (/work/scratch/cap/node_modules/jest-circus/build/jestAdapterInit.js:2300:21)\n    at jestAdapter (/work/scratch/cap/node_modules/jest-circus/build/runner.js:111:19)\n    at runTestInternal (/work/scratch/cap/node_modules/jest-runner/build/index.js:247:16)\n    at runTest (/work/scratch/cap/node_modules/jest-runner/build/index.js:315:7)"],"fullName":"reset AC-4: resets via dynamic import","invocations":1,"location":null,"numPassingAsserts":0,"retryMessages":[],"retryReasons":[],"status":"failed","title":"AC-4: resets via dynamic import","startAt":1790366442043}],"endTime":1790366442052,"message":"  ● reset › AC-4: resets via dynamic import\n\n    TypeError: A dynamic import callback was invoked without --experimental-vm-modules\n\n       9 |   test.skip(\"AC-3: later\", () => {});\n      10 |   test(\"AC-4: resets via dynamic import\", async () => {\n    > 11 |     const { resetPassword } = await import(\"../../src/reset.js\");\n         |                               ^\n      12 |     expect(resetPassword(\"a@b.c\")).toBe(true);\n      13 |   });\n      14 | });\n\n      at Object.<anonymous> (tests/ac/demo.unit.test.js:11:31)\n","name":"/work/proj/tests/ac/demo.unit.test.js","startTime":1790366441953,"status":"failed","summary":""},{"assertionResults":[{"ancestorTitles":[],"duration":0,"failing":false,"failureDetails":[],"failureMessages":[],"fullName":"AC-1: resets the password","invocations":1,"location":null,"numPassingAsserts":1,"retryMessages":[],"retryReasons":[],"status":"passed","title":"AC-1: resets the password","startAt":1790366442061}],"endTime":1790366442062,"message":"","name":"/work/proj/tests/ac/demo.static.test.js","startTime":1790366442055,"status":"passed","summary":""},{"assertionResults":[{"ancestorTitles":[],"duration":0,"failing":false,"failureDetails":[],"failureMessages":[],"fullName":"AC-1: another feature's test","invocations":1,"location":null,"numPassingAsserts":1,"retryMessages":[],"retryReasons":[],"status":"passed","title":"AC-1: another feature's test","startAt":1790366442073}],"endTime":1790366442073,"message":"","name":"/work/proj/tests/ac/other.unit.test.js","startTime":1790366442067,"status":"passed","summary":""}],"wasInterrupted":false}
