{"numFailedTestSuites":0,"numFailedTests":0,"numPassedTestSuites":1,"numPassedTests":3,"numPendingTestSuites":0,"numPendingTests":0,"numRuntimeErrorTestSuites":0,"numTodoTests":0,"numTotalTestSuites":1,"numTotalTests":3,"openHandles":[],"snapshot":{"added":0,"didUpdate":false,"failure":false,"filesAdded":0,"filesRemoved":0,"filesRemovedList":[],"filesUnmatched":0,"filesUpdated":0,"matched":0,"total":0,"unchecked":0,"uncheckedKeysByFile":[],"unmatched":0,"updated":0},"startTime":1790366440443,"success":true,"testResults":[{"assertionResults":[{"ancestorTitles":[],"duration":1,"failing":true,"failureDetails":[],"failureMessages":[],"fullName":"AC-6: known bug still fails","invocations":1,"location":null,"numPassingAsserts":0,"retryMessages":[],"retryReasons":[],"status":"passed","title":"AC-6: known bug still fails","startAt":1790366440585},{"ancestorTitles":["retry"],"duration":0,"failing":false,"failureDetails":[],"failureMessages":[],"fullName":"retry AC-8: passes on the second attempt","invocations":2,"location":null,"numPassingAsserts":1,"retryMessages":[],"retryReasons":[],"status":"passed","title":"AC-8: passes on the second attempt","startAt":1790366440588},{"ancestorTitles":[],"duration":0,"failing":false,"failureDetails":[],"failureMessages":[],"fullName":"AC-9: plain pass","invocations":1,"location":null,"numPassingAsserts":1,"retryMessages":[],"retryReasons":[],"status":"passed","title":"AC-9: plain pass","startAt":1790366440588}],"endTime":1790366440588,"message":"","name":"/work/proj/tests/edge.test.js","startTime":1790366440496,"status":"passed","summary":""}],"wasInterrupted":false}
