{"numFailedTestSuites":2,"numFailedTests":1,"numPassedTestSuites":0,"numPassedTests":2,"numPendingTestSuites":0,"numPendingTests":1,"numRuntimeErrorTestSuites":1,"numTodoTests":1,"numTotalTestSuites":2,"numTotalTests":5,"openHandles":[],"snapshot":{"added":0,"didUpdate":false,"failure":false,"filesAdded":0,"filesRemoved":0,"filesRemovedList":[],"filesUnmatched":0,"filesUpdated":0,"matched":0,"total":0,"unchecked":0,"uncheckedKeysByFile":[],"unmatched":0,"updated":0},"startTime":1790366439835,"success":false,"testResults":[{"assertionResults":[],"coverage":{},"endTime":1790366440206,"message":"  ● Test suite failed to run\n\n    cannot load\n\n    > 1 | throw new Error(\"cannot load\");\n        |       ^\n      2 |\n\n      at Object.<anonymous> (tests/broken.test.js:1:7)\n","name":"/work/proj/tests/broken.test.js","startTime":1790366440206,"status":"failed","summary":""},{"assertionResults":[{"ancestorTitles":[],"duration":2,"failing":false,"failureDetails":[],"failureMessages":[],"fullName":"AC-1: adds numbers","invocations":1,"location":null,"numPassingAsserts":1,"retryMessages":[],"retryReasons":[],"status":"passed","title":"AC-1: adds numbers","startAt":1790366440183},{"ancestorTitles":["checkout","totals"],"duration":0,"failing":false,"failureDetails":[],"failureMessages":[],"fullName":"checkout totals AC-2: sums line items","invocations":1,"location":null,"numPassingAsserts":1,"retryMessages":[],"retryReasons":[],"status":"passed","title":"AC-2: sums line items","startAt":1790366440185},{"ancestorTitles":["checkout"],"duration":1,"failing":false,"failureDetails":[{"matcherResult":{"actual":0,"expected":1,"message":"expect(received).toBe(expected) // Object.is equality\n\nExpected: 1\nReceived: 0","name":"toBe","pass":false}}],"failureMessages":["Error: expect(received).toBe(expected) // Object.is equality\n\nExpected: 1\nReceived: 0\n    at Object.toBe (/work/proj/tests/math.test.js:12:23)\n    at Promise.finally.completed (/work/scratch/cap/node_modules/jest-circus/build/jestAdapterInit.js:1834:28)\n    at new Promise (<anonymous>)\n    at callAsyncCircusFn (/work/scratch/cap/node_modules/jest-circus/build/jestAdapterInit.js:1774:10)\n    at _callCircusTest (/work/scratch/cap/node_modules/jest-circus/build/jestAdapterInit.js:1167:40)\n    at processTicksAndRejections (node:internal/process/task_queues:103:5)\n    at _runTestInContext (/work/scratch/cap/node_modules/jest-circus/build/jestAdapterInit.js:1103:3)\n    at runTestWithContext (/work/scratch/cap/node_modules/jest-circus/build/jestAdapterInit.js:996:5)\n    at _runTestsForDescribeBlockOnce (/work/scratch/cap/node_modules/jest-circus/build/jestAdapterInit.js:1008:11)\n    at _runTestsForDescribeBlock (/work/scratch/cap/node_modules/jest-circus/build/jestAdapterInit.js:824:5)\n    at _runTestsForDescribeBlockOnce (/work/scratch/cap/node_modules/jest-circus/build/jestAdapterInit.js:1003:11)\n    at _runTestsForDescribeBlock (/work/scratch/cap/node_modules/jest-circus/build/jestAdapterInit.js:824:5)\n    at run (/work/scratch/cap/node_modules/jest-circus/build/jestAdapterInit.js:789:3)\n    at runAndTransformResultsToJestFormat (/work/scratch/cap/node_modules/jest-circus/build/jestAdapterInit.js:2300:21)\n    at jestAdapter (/work/scratch/cap/node_modules/jest-circus/build/runner.js:111:19)\n    at runTestInternal (/work/scratch/cap/node_modules/jest-runner/build/testWorker.js:247:16)\n    at runTest (/work/scratch/cap/node_modules/jest-runner/build/testWorker.js:315:7)\n    at Object.worker (/work/scratch/cap/node_modules/jest-runner/build/testWorker.js:479:12)"],"fullName":"checkout AC-3: rejects empty cart","invocations":1,"location":null,"numPassingAsserts":0,"retryMessages":[],"retryReasons":[],"status":"failed","title":"AC-3: rejects empty cart","startAt":1790366440185},{"ancestorTitles":["checkout"],"duration":null,"failing":false,"failureDetails":[],"failureMessages":[],"fullName":"checkout AC-4: applies coupon","invocations":1,"location":null,"numPassingAsserts":0,"retryMessages":[],"retryReasons":[],"status":"pending","title":"AC-4: applies coupon","startAt":1790366440187},{"ancestorTitles":["checkout"],"duration":null,"failing":false,"failureDetails":[],"failureMessages":[],"fullName":"checkout AC-5: handles tax","invocations":1,"location":null,"numPassingAsserts":0,"retryMessages":[],"retryReasons":[],"status":"todo","title":"AC-5: handles tax","startAt":1790366440187}],"endTime":1790366440195,"message":"  ● checkout › AC-3: rejects empty cart\n\n    expect(received).toBe(expected) // Object.is equality\n\n    Expected: 1\n    Received: 0\n\n      10 |   });\n      11 |   test(\"AC-3: rejects empty cart\", () => {\n    > 12 |     expect([].length).toBe(1);\n         |                       ^\n      13 |   });\n      14 |   test.skip(\"AC-4: applies coupon\", () => {});\n      15 |   test.todo(\"AC-5: handles tax\");\n\n      at Object.toBe (tests/math.test.js:12:23)\n","name":"/work/proj/tests/math.test.js","startTime":1790366440034,"status":"failed","summary":""}],"wasInterrupted":false}
