{
  "numTotalTestSuites": 3,
  "numPassedTestSuites": 1,
  "numFailedTestSuites": 2,
  "numPendingTestSuites": 0,
  "numTotalTests": 5,
  "numPassedTests": 2,
  "numFailedTests": 1,
  "numPendingTests": 1,
  "numTodoTests": 1,
  "snapshot": {
    "added": 0,
    "failure": false,
    "filesAdded": 0,
    "filesRemoved": 0,
    "filesRemovedList": [],
    "filesUnmatched": 0,
    "filesUpdated": 0,
    "matched": 0,
    "total": 0,
    "unchecked": 0,
    "uncheckedKeysByFile": [],
    "unmatched": 0,
    "updated": 0,
    "didUpdate": false
  },
  "startTime": 1790193733958,
  "success": false,
  "testResults": [
    {
      "assertionResults": [
        {
          "ancestorTitles": [],
          "fullName": "AC-1: adds numbers",
          "status": "passed",
          "title": "AC-1: adds numbers",
          "duration": 0.6693329999999946,
          "failureMessages": [],
          "meta": {},
          "tags": [],
          "benchmarks": []
        },
        {
          "ancestorTitles": [
            "checkout",
            "totals"
          ],
          "fullName": "checkout totals AC-2: sums line items",
          "status": "passed",
          "title": "AC-2: sums line items",
          "duration": 0.0796670000000006,
          "failureMessages": [],
          "meta": {},
          "tags": [],
          "benchmarks": []
        },
        {
          "ancestorTitles": [
            "checkout"
          ],
          "fullName": "checkout AC-3: rejects empty cart",
          "status": "failed",
          "title": "AC-3: rejects empty cart",
          "duration": 2.590999999999994,
          "failureMessages": [
            "AssertionError: expected +0 to be 1 // Object.is equality\n    at /work/proj/tests/math.test.js:7:52\n    at file:///work/proj/node_modules/vitest/dist/chunks/run.C5UmxDPh.js:1628:35\n    at file:///work/proj/node_modules/vitest/dist/chunks/run.C5UmxDPh.js:2783:26\n    at file:///work/proj/node_modules/vitest/dist/chunks/run.C5UmxDPh.js:3319:20\n    at new Promise (<anonymous>)\n    at runWithCancel (file:///work/proj/node_modules/vitest/dist/chunks/run.C5UmxDPh.js:3314:10)\n    at file:///work/proj/node_modules/vitest/dist/chunks/run.C5UmxDPh.js:3299:20\n    at new Promise (<anonymous>)\n    at runWithTimeout (file:///work/proj/node_modules/vitest/dist/chunks/run.C5UmxDPh.js:3257:10)\n    at file:///work/proj/node_modules/vitest/dist/chunks/run.C5UmxDPh.js:3876:64"
          ],
          "meta": {},
          "tags": [],
          "benchmarks": []
        },
        {
          "ancestorTitles": [
            "checkout"
          ],
          "fullName": "checkout AC-4: applies coupon",
          "status": "skipped",
          "title": "AC-4: applies coupon",
          "failureMessages": [],
          "meta": {},
          "tags": [],
          "benchmarks": []
        },
        {
          "ancestorTitles": [
            "checkout"
          ],
          "fullName": "checkout AC-5: handles tax",
          "status": "todo",
          "title": "AC-5: handles tax",
          "failureMessages": [],
          "meta": {},
          "tags": [],
          "benchmarks": []
        }
      ],
      "startTime": 1790193734047,
      "endTime": 1790193734050.591,
      "status": "failed",
      "message": "",
      "name": "/work/proj/tests/math.test.js"
    }
  ]
}
