{"numTotalTestSuites":1,"numPassedTestSuites":1,"numFailedTestSuites":0,"numPendingTestSuites":0,"numTotalTests":2,"numPassedTests":2,"numFailedTests":0,"numPendingTests":0,"numTodoTests":0,"snapshot":{"added":0,"failure":false,"filesAdded":0,"filesRemoved":0,"filesRemovedList":[],"filesUnmatched":0,"filesUpdated":0,"matched":0,"total":0,"unchecked":0,"uncheckedKeysByFile":[],"unmatched":0,"updated":0,"didUpdate":false},"startTime":1790366442396,"success":true,"testResults":[{"assertionResults":[{"ancestorTitles":[],"fullName":"AC-12: known bug still fails","status":"passed","title":"AC-12: known bug still fails","duration":3.1328749999999985,"failureMessages":[],"meta":{},"tags":[],"benchmarks":[]},{"ancestorTitles":[],"fullName":"AC-13: passes on the second attempt","status":"passed","title":"AC-13: passes on the second attempt","duration":0.39345800000000963,"failureMessages":["AssertionError: expected 1 to be greater than 1\n    at /work/proj/tests/fails.test.js:8:20\n    at file:///work/scratch/cap/node_modules/vitest/dist/chunks/run.C5UmxDPh.js:1628:35\n    at file:///work/scratch/cap/node_modules/vitest/dist/chunks/run.C5UmxDPh.js:2783:26\n    at file:///work/scratch/cap/node_modules/vitest/dist/chunks/run.C5UmxDPh.js:3319:20\n    at new Promise (<anonymous>)\n    at runWithCancel (file:///work/scratch/cap/node_modules/vitest/dist/chunks/run.C5UmxDPh.js:3314:10)\n    at file:///work/scratch/cap/node_modules/vitest/dist/chunks/run.C5UmxDPh.js:3299:20\n    at new Promise (<anonymous>)\n    at runWithTimeout (file:///work/scratch/cap/node_modules/vitest/dist/chunks/run.C5UmxDPh.js:3257:10)\n    at file:///work/scratch/cap/node_modules/vitest/dist/chunks/run.C5UmxDPh.js:3876:64"],"meta":{},"tags":[],"benchmarks":[]}],"startTime":1790366442475,"endTime":1790366442478.3936,"status":"passed","message":"","name":"/work/proj/tests/fails.test.js"}]}